{"C:\\Users\\titic\\tests-from-scratch\\packages\\node\\src\\server.ts": {"path":"C:\\Users\\titic\\tests-from-scratch\\packages\\node\\src\\server.ts","statementMap":{"0":{"start":{"line":1,"column":0},"end":{"line":1,"column":30}},"1":{"start":{"line":2,"column":0},"end":{"line":2,"column":33}},"2":{"start":{"line":4,"column":13},"end":{"line":4,"column":29}},"3":{"start":{"line":6,"column":0},"end":{"line":6,"column":24}},"4":{"start":{"line":7,"column":0},"end":{"line":7,"column":30}},"5":{"start":{"line":9,"column":0},"end":{"line":14,"column":1}},"6":{"start":{"line":10,"column":15},"end":{"line":10,"column":19}},"7":{"start":{"line":11,"column":2},"end":{"line":13,"column":5}},"8":{"start":{"line":12,"column":4},"end":{"line":12,"column":67}}},"fnMap":{"0":{"name":"(anonymous_1)","decl":{"start":{"line":11,"column":19},"end":{"line":11,"column":22}},"loc":{"start":{"line":11,"column":24},"end":{"line":13,"column":3}}}},"branchMap":{"0":{"loc":{"start":{"line":9,"column":0},"end":{"line":14,"column":1}},"type":"if","locations":[{"start":{"line":9,"column":0},"end":{"line":14,"column":1}}]}},"s":{"0":2,"1":2,"2":2,"3":2,"4":2,"5":2,"6":0,"7":0,"8":0},"f":{"0":0},"b":{"0":[0]}}
,"C:\\Users\\titic\\tests-from-scratch\\packages\\node\\src\\users.ts": {"path":"C:\\Users\\titic\\tests-from-scratch\\packages\\node\\src\\users.ts","statementMap":{"0":{"start":{"line":1,"column":0},"end":{"line":1,"column":52}},"1":{"start":{"line":2,"column":0},"end":{"line":2,"column":null}},"2":{"start":{"line":9,"column":15},"end":{"line":9,"column":23}},"3":{"start":{"line":15,"column":0},"end":{"line":18,"column":3}},"4":{"start":{"line":16,"column":16},"end":{"line":16,"column":26}},"5":{"start":{"line":17,"column":2},"end":{"line":17,"column":30}},"6":{"start":{"line":25,"column":0},"end":{"line":35,"column":3}},"7":{"start":{"line":26,"column":19},"end":{"line":26,"column":27}},"8":{"start":{"line":28,"column":2},"end":{"line":31,"column":3}},"9":{"start":{"line":29,"column":4},"end":{"line":29,"column":56}},"10":{"start":{"line":30,"column":4},"end":{"line":30,"column":11}},"11":{"start":{"line":33,"column":15},"end":{"line":33,"column":38}},"12":{"start":{"line":34,"column":2},"end":{"line":34,"column":29}},"13":{"start":{"line":41,"column":0},"end":{"line":51,"column":3}},"14":{"start":{"line":42,"column":13},"end":{"line":42,"column":34}},"15":{"start":{"line":43,"column":15},"end":{"line":43,"column":30}},"16":{"start":{"line":45,"column":2},"end":{"line":48,"column":3}},"17":{"start":{"line":46,"column":4},"end":{"line":46,"column":54}},"18":{"start":{"line":47,"column":4},"end":{"line":47,"column":11}},"19":{"start":{"line":50,"column":2},"end":{"line":50,"column":29}},"20":{"start":{"line":58,"column":0},"end":{"line":75,"column":3}},"21":{"start":{"line":59,"column":13},"end":{"line":59,"column":34}},"22":{"start":{"line":60,"column":19},"end":{"line":60,"column":27}},"23":{"start":{"line":62,"column":2},"end":{"line":65,"column":3}},"24":{"start":{"line":63,"column":4},"end":{"line":63,"column":56}},"25":{"start":{"line":64,"column":4},"end":{"line":64,"column":11}},"26":{"start":{"line":67,"column":18},"end":{"line":67,"column":49}},"27":{"start":{"line":69,"column":2},"end":{"line":72,"column":3}},"28":{"start":{"line":70,"column":4},"end":{"line":70,"column":54}},"29":{"start":{"line":71,"column":4},"end":{"line":71,"column":11}},"30":{"start":{"line":74,"column":2},"end":{"line":74,"column":32}},"31":{"start":{"line":77,"column":0},"end":{"line":77,"column":22}}},"fnMap":{"0":{"name":"(anonymous_0)","decl":{"start":{"line":15,"column":16},"end":{"line":15,"column":17}},"loc":{"start":{"line":15,"column":55},"end":{"line":18,"column":1}}},"1":{"name":"(anonymous_1)","decl":{"start":{"line":25,"column":17},"end":{"line":25,"column":18}},"loc":{"start":{"line":25,"column":55},"end":{"line":35,"column":1}}},"2":{"name":"(anonymous_2)","decl":{"start":{"line":41,"column":19},"end":{"line":41,"column":20}},"loc":{"start":{"line":41,"column":57},"end":{"line":51,"column":1}}},"3":{"name":"(anonymous_3)","decl":{"start":{"line":58,"column":19},"end":{"line":58,"column":20}},"loc":{"start":{"line":58,"column":57},"end":{"line":75,"column":1}}}},"branchMap":{"0":{"loc":{"start":{"line":28,"column":2},"end":{"line":31,"column":3}},"type":"if","locations":[{"start":{"line":28,"column":2},"end":{"line":31,"column":3}}]},"1":{"loc":{"start":{"line":28,"column":6},"end":{"line":28,"column":52}},"type":"binary-expr","locations":[{"start":{"line":28,"column":6},"end":{"line":28,"column":30}},{"start":{"line":28,"column":34},"end":{"line":28,"column":52}}]},"2":{"loc":{"start":{"line":45,"column":2},"end":{"line":48,"column":3}},"type":"if","locations":[{"start":{"line":45,"column":2},"end":{"line":48,"column":3}}]},"3":{"loc":{"start":{"line":62,"column":2},"end":{"line":65,"column":3}},"type":"if","locations":[{"start":{"line":62,"column":2},"end":{"line":65,"column":3}}]},"4":{"loc":{"start":{"line":62,"column":6},"end":{"line":62,"column":52}},"type":"binary-expr","locations":[{"start":{"line":62,"column":6},"end":{"line":62,"column":30}},{"start":{"line":62,"column":34},"end":{"line":62,"column":52}}]},"5":{"loc":{"start":{"line":69,"column":2},"end":{"line":72,"column":3}},"type":"if","locations":[{"start":{"line":69,"column":2},"end":{"line":72,"column":3}}]}},"s":{"0":2,"1":2,"2":2,"3":2,"4":2,"5":2,"6":2,"7":3,"8":3,"9":1,"10":1,"11":2,"12":2,"13":2,"14":3,"15":3,"16":3,"17":1,"18":1,"19":2,"20":2,"21":3,"22":3,"23":3,"24":1,"25":1,"26":2,"27":2,"28":1,"29":1,"30":1,"31":2},"f":{"0":2,"1":3,"2":3,"3":3},"b":{"0":[1],"1":[3,2],"2":[1],"3":[1],"4":[3,2],"5":[1]}}
,"C:\\Users\\titic\\tests-from-scratch\\packages\\node\\src\\usersStore.ts": {"path":"C:\\Users\\titic\\tests-from-scratch\\packages\\node\\src\\usersStore.ts","statementMap":{"0":{"start":{"line":9,"column":2},"end":{"line":9,"column":18}},"1":{"start":{"line":13,"column":2},"end":{"line":13,"column":18}},"2":{"start":{"line":19,"column":2},"end":{"line":19,"column":18}},"3":{"start":{"line":24,"column":2},"end":{"line":24,"column":18}},"4":{"start":{"line":28,"column":2},"end":{"line":28,"column":18}},"5":{"start":{"line":6,"column":22},"end":{"line":6,"column":24}},"6":{"start":{"line":7,"column":15},"end":{"line":7,"column":16}},"7":{"start":{"line":10,"column":4},"end":{"line":10,"column":17}},"8":{"start":{"line":14,"column":17},"end":{"line":14,"column":39}},"9":{"start":{"line":15,"column":4},"end":{"line":15,"column":21}},"10":{"start":{"line":16,"column":4},"end":{"line":16,"column":16}},"11":{"start":{"line":20,"column":4},"end":{"line":20,"column":15}},"12":{"start":{"line":21,"column":4},"end":{"line":21,"column":15}},"13":{"start":{"line":25,"column":4},"end":{"line":25,"column":40}},"14":{"start":{"line":25,"column":27},"end":{"line":25,"column":38}},"15":{"start":{"line":29,"column":17},"end":{"line":29,"column":32}},"16":{"start":{"line":30,"column":4},"end":{"line":32,"column":5}},"17":{"start":{"line":31,"column":6},"end":{"line":31,"column":23}},"18":{"start":{"line":33,"column":4},"end":{"line":33,"column":16}}},"fnMap":{"0":{"name":"getUsers","decl":{"start":{"line":9,"column":18},"end":{"line":9,"column":26}},"loc":{"start":{"line":9,"column":26},"end":{"line":11,"column":3}}},"1":{"name":"createUser","decl":{"start":{"line":13,"column":18},"end":{"line":13,"column":28}},"loc":{"start":{"line":13,"column":41},"end":{"line":17,"column":3}}},"2":{"name":"resetStore","decl":{"start":{"line":19,"column":18},"end":{"line":19,"column":28}},"loc":{"start":{"line":19,"column":28},"end":{"line":22,"column":3}}},"3":{"name":"getUserById","decl":{"start":{"line":24,"column":18},"end":{"line":24,"column":29}},"loc":{"start":{"line":24,"column":40},"end":{"line":26,"column":3}}},"4":{"name":"(anonymous_4)","decl":{"start":{"line":25,"column":22},"end":{"line":25,"column":23}},"loc":{"start":{"line":25,"column":27},"end":{"line":25,"column":38}}},"5":{"name":"updateUserName","decl":{"start":{"line":28,"column":18},"end":{"line":28,"column":32}},"loc":{"start":{"line":28,"column":57},"end":{"line":34,"column":3}}}},"branchMap":{"0":{"loc":{"start":{"line":30,"column":4},"end":{"line":32,"column":5}},"type":"if","locations":[{"start":{"line":30,"column":4},"end":{"line":32,"column":5}}]}},"s":{"0":2,"1":2,"2":2,"3":2,"4":2,"5":2,"6":2,"7":2,"8":14,"9":14,"10":14,"11":10,"12":10,"13":5,"14":9,"15":2,"16":2,"17":1,"18":2},"f":{"0":2,"1":14,"2":10,"3":5,"4":9,"5":2},"b":{"0":[1]}}
,"C:\\Users\\titic\\tests-from-scratch\\packages\\node\\src\\__tests__\\fixtures.ts": {"path":"C:\\Users\\titic\\tests-from-scratch\\packages\\node\\src\\__tests__\\fixtures.ts","statementMap":{"0":{"start":{"line":3,"column":13},"end":{"line":3,"column":52}},"1":{"start":{"line":4,"column":13},"end":{"line":4,"column":50}},"2":{"start":{"line":6,"column":13},"end":{"line":6,"column":49}}},"fnMap":{},"branchMap":{},"s":{"0":1,"1":1,"2":1},"f":{},"b":{}}
}
