TN:
SF:src\server.ts
FN:11,(anonymous_1)
FNF:1
FNH:0
FNDA:0,(anonymous_1)
DA:1,2
DA:2,2
DA:4,2
DA:6,2
DA:7,2
DA:9,2
DA:10,0
DA:11,0
DA:12,0
LF:9
LH:6
BRDA:9,0,0,0
BRF:1
BRH:0
end_of_record
TN:
SF:src\users.ts
FN:15,(anonymous_0)
FN:25,(anonymous_1)
FN:41,(anonymous_2)
FN:58,(anonymous_3)
FNF:4
FNH:4
FNDA:2,(anonymous_0)
FNDA:3,(anonymous_1)
FNDA:3,(anonymous_2)
FNDA:3,(anonymous_3)
DA:1,2
DA:2,2
DA:9,2
DA:15,2
DA:16,2
DA:17,2
DA:25,2
DA:26,3
DA:28,3
DA:29,1
DA:30,1
DA:33,2
DA:34,2
DA:41,2
DA:42,3
DA:43,3
DA:45,3
DA:46,1
DA:47,1
DA:50,2
DA:58,2
DA:59,3
DA:60,3
DA:62,3
DA:63,1
DA:64,1
DA:67,2
DA:69,2
DA:70,1
DA:71,1
DA:74,1
DA:77,2
LF:32
LH:32
BRDA:28,0,0,1
BRDA:28,1,0,3
BRDA:28,1,1,2
BRDA:45,2,0,1
BRDA:62,3,0,1
BRDA:62,4,0,3
BRDA:62,4,1,2
BRDA:69,5,0,1
BRF:8
BRH:8
end_of_record
TN:
SF:src\usersStore.ts
FN:9,getUsers
FN:13,createUser
FN:19,resetStore
FN:24,getUserById
FN:25,(anonymous_4)
FN:28,updateUserName
FNF:6
FNH:6
FNDA:2,getUsers
FNDA:14,createUser
FNDA:10,resetStore
FNDA:5,getUserById
FNDA:9,(anonymous_4)
FNDA:2,updateUserName
DA:6,2
DA:7,2
DA:9,2
DA:10,2
DA:13,2
DA:14,14
DA:15,14
DA:16,14
DA:19,2
DA:20,10
DA:21,10
DA:24,2
DA:25,9
DA:28,2
DA:29,2
DA:30,2
DA:31,1
DA:33,2
LF:18
LH:18
BRDA:30,0,0,1
BRF:1
BRH:1
end_of_record
TN:
SF:src\__tests__\fixtures.ts
FNF:0
FNH:0
DA:3,1
DA:4,1
DA:6,1
LF:3
LH:3
BRF:0
BRH:0
end_of_record
